2025-03-01 17:18:07,766 - INFO - Unique categories retrieved.
2025-03-01 17:18:07,777 - INFO - Unique categories retrieved.
2025-03-01 17:18:07,802 - INFO - WorkTracker application initialized.
2025-03-01 17:18:21,506 - INFO - Unique categories retrieved.
2025-03-01 17:18:44,715 - INFO - Unique categories retrieved.
2025-03-01 17:19:05,507 - INFO - Category 'Robotics' renamed to 'Final year Project work'
2025-03-01 17:19:05,507 - INFO - Unique categories retrieved.
2025-03-01 17:19:14,977 - INFO - Session inserted. ID: 15
2025-03-01 17:19:14,977 - INFO - Session started with category: School work
2025-03-01 17:19:15,935 - INFO - Session updated. ID: 15
2025-03-01 17:19:17,314 - INFO - Session duration displayed: 0:00:00.958131
2025-03-01 17:19:17,314 - INFO - Session stopped
2025-03-01 17:19:18,424 - INFO - Sessions retrieved
2025-03-01 17:55:18,470 - INFO - Unique categories retrieved.
2025-03-01 17:55:18,479 - INFO - Unique categories retrieved.
2025-03-01 17:58:20,744 - INFO - Unique categories retrieved.
2025-03-01 17:58:20,753 - INFO - Unique categories retrieved.
2025-03-01 18:00:35,801 - INFO - Unique categories retrieved.
2025-03-01 18:00:35,812 - INFO - Unique categories retrieved.
2025-03-01 18:18:10,065 - INFO - Unique categories retrieved.
2025-03-01 18:18:10,069 - INFO - Unique categories retrieved.
2025-03-01 18:23:30,194 - INFO - Unique categories retrieved.
2025-03-01 18:23:30,217 - INFO - Unique categories retrieved.
2025-03-01 18:26:33,775 - INFO - Unique categories retrieved.
2025-03-01 18:26:33,787 - INFO - Unique categories retrieved.
2025-03-01 18:35:15,057 - INFO - Unique categories retrieved.
2025-03-01 18:35:15,063 - INFO - Unique categories retrieved.
2025-03-01 18:35:15,104 - INFO - WorkTracker application initialized.
2025-03-01 18:35:18,813 - INFO - Session inserted. ID: 16
2025-03-01 18:35:18,813 - INFO - Session started with category: Coding
2025-03-01 18:37:10,655 - INFO - Session updated. ID: 16
2025-03-01 18:37:14,331 - INFO - Session duration displayed: 0:01:51.838780
2025-03-01 18:37:14,335 - INFO - Session stopped
2025-03-01 18:37:16,316 - INFO - Sessions retrieved
2025-03-01 18:37:39,217 - INFO - Session inserted. ID: 17
2025-03-01 18:37:39,217 - INFO - Session started with category: Coding
2025-03-01 19:00:10,986 - INFO - Unique categories retrieved.
2025-03-01 19:00:10,997 - INFO - Unique categories retrieved.
2025-03-01 19:00:11,084 - INFO - WorkTracker application initialized.
2025-03-01 19:00:33,807 - INFO - Session inserted. ID: 18
2025-03-01 19:00:33,807 - INFO - Session started with category: Coding
2025-03-01 19:00:36,930 - INFO - Session updated. ID: 18
2025-03-01 19:00:38,931 - INFO - Session duration displayed: 0:00:03.095850
2025-03-01 19:00:38,931 - INFO - Session stopped
2025-03-02 08:58:29,053 - INFO - Unique categories retrieved.
2025-03-02 08:58:29,068 - INFO - Unique categories retrieved.
2025-03-02 08:58:29,163 - INFO - WorkTracker application initialized.
2025-03-02 09:00:44,471 - INFO - Session inserted. ID: 19
2025-03-02 09:00:44,482 - INFO - Session started with category: Coding
2025-03-02 09:03:37,936 - INFO - Unique categories retrieved.
2025-03-02 09:03:37,945 - INFO - Unique categories retrieved.
2025-03-02 09:03:38,001 - INFO - WorkTracker application initialized.
2025-03-02 09:03:48,417 - INFO - Sessions retrieved
2025-03-02 09:10:44,576 - INFO - Unique categories retrieved.
2025-03-02 09:10:44,584 - INFO - Unique categories retrieved.
2025-03-02 09:10:44,635 - INFO - WorkTracker application initialized.
2025-03-02 09:10:55,365 - INFO - Session inserted. ID: 20
2025-03-02 09:10:55,365 - INFO - Session started with category: Coding
2025-03-02 09:11:04,339 - INFO - Session updated. ID: 20
2025-03-02 09:11:06,298 - INFO - Session duration displayed: 0:00:08.957701
2025-03-02 09:11:06,298 - INFO - Session stopped
2025-03-02 09:11:08,095 - INFO - Sessions retrieved
2025-03-02 09:11:14,451 - INFO - Session inserted. ID: 21
2025-03-02 09:11:14,451 - INFO - Session started with category: Coding
2025-03-02 09:11:29,153 - INFO - Session updated. ID: 21
2025-03-02 09:11:31,089 - INFO - Session duration displayed: 0:00:14.703906
2025-03-02 09:11:31,089 - INFO - Session stopped
2025-03-02 09:12:06,930 - INFO - Unique categories retrieved.
2025-03-02 09:12:06,937 - INFO - Unique categories retrieved.
2025-03-02 09:12:06,961 - INFO - WorkTracker application initialized.
2025-03-02 09:12:10,076 - INFO - Session inserted. ID: 22
2025-03-02 09:12:10,076 - INFO - Session started with category: Coding
2025-03-02 09:12:14,389 - INFO - Session updated. ID: 22
2025-03-02 09:12:16,722 - INFO - Session duration displayed: 0:00:04.540522
2025-03-02 09:12:16,722 - INFO - Session stopped
2025-03-02 09:12:17,701 - INFO - Session inserted. ID: 23
2025-03-02 09:12:17,701 - INFO - Session started with category: Coding
2025-03-02 10:56:17,359 - INFO - Unique categories retrieved.
2025-03-02 10:56:17,373 - INFO - Unique categories retrieved.
2025-03-02 10:56:17,444 - INFO - WorkTracker application initialized.
2025-03-02 10:56:20,910 - INFO - Session inserted. ID: 24
2025-03-02 10:56:20,910 - INFO - Session started with category: Coding
2025-03-02 10:57:04,828 - INFO - Sessions retrieved
2025-03-02 10:58:17,869 - INFO - Session updated. ID: 24
2025-03-02 10:58:19,610 - INFO - Session duration displayed: 0:01:56.977292
2025-03-02 10:58:19,610 - INFO - Session stopped
2025-03-02 10:58:23,680 - INFO - Sessions retrieved
2025-03-02 11:16:51,592 - INFO - Unique categories retrieved.
2025-03-02 11:16:51,600 - INFO - Unique categories retrieved.
2025-03-02 11:16:51,666 - INFO - WorkTracker application initialized.
2025-03-02 11:18:14,722 - INFO - Session inserted. ID: 25
2025-03-02 11:18:14,722 - INFO - Session started with category: Coding
2025-03-02 11:18:15,873 - INFO - Session updated. ID: 25
2025-03-02 11:18:17,808 - INFO - Session duration displayed: 0:00:01.151071
2025-03-02 11:18:17,808 - INFO - Session stopped
2025-03-02 11:18:30,757 - INFO - Session inserted. ID: 26
2025-03-02 11:18:30,757 - INFO - Session started with category: Coding
2025-03-02 11:18:32,708 - INFO - Session updated. ID: 26
2025-03-02 11:18:36,434 - INFO - Session duration displayed: 0:00:01.951532
2025-03-02 11:18:36,434 - INFO - Session stopped
2025-03-02 11:20:41,728 - INFO - Unique categories retrieved.
2025-03-02 11:20:41,738 - INFO - Unique categories retrieved.
2025-03-02 11:20:41,792 - INFO - WorkTracker application initialized.
2025-03-02 11:21:10,861 - INFO - Session inserted. ID: 27
2025-03-02 11:21:10,861 - INFO - Session started with category: Sourcing
2025-03-02 12:12:47,803 - INFO - Sessions retrieved
2025-03-02 14:59:47,354 - INFO - Session updated. ID: 27
2025-03-02 14:59:51,373 - INFO - Session duration displayed: 3:38:36.076315
2025-03-02 14:59:51,375 - INFO - Session stopped
2025-03-02 15:00:30,476 - INFO - Unique categories retrieved.
2025-03-02 15:00:30,495 - INFO - Unique categories retrieved.
2025-03-02 15:00:30,532 - INFO - WorkTracker application initialized.
2025-03-02 15:00:32,292 - INFO - Sessions retrieved
2025-03-03 22:21:29,177 - INFO - Unique categories retrieved.
2025-03-03 22:21:29,181 - INFO - Category 'work' inserted
2025-03-03 22:21:29,181 - INFO - Default category 'work' added.
2025-03-03 22:21:29,185 - INFO - Category 'skill' inserted
2025-03-03 22:21:29,185 - INFO - Default category 'skill' added.
2025-03-03 22:21:29,190 - INFO - Category 'school' inserted
2025-03-03 22:21:29,190 - INFO - Default category 'school' added.
2025-07-05 14:58:03,465 - INFO - WorkTracker application initialized.
2025-07-05 14:58:03,523 - INFO - Database connected at C:\Users\ADEOLUWA\WorkTracker\deep_work.db
2025-07-05 14:58:03,543 - INFO - Sessions table checked/created.
2025-07-05 14:58:03,553 - INFO - Categories table checked/created.
2025-07-05 14:58:03,563 - INFO - Default category 'Work' added to categories table.
2025-07-05 14:58:03,576 - INFO - Default category 'Skill' added to categories table.
2025-07-05 14:58:03,587 - INFO - Default category 'School' added to categories table.
2025-07-05 14:58:03,590 - INFO - Default categories ensured in dedicated table.
2025-07-05 14:58:03,591 - INFO - Database initialized at C:\Users\ADEOLUWA\WorkTracker\deep_work.db
2025-07-05 14:58:03,710 - INFO - All categories retrieved from dedicated table.
2025-07-05 14:59:29,083 - INFO - Category 'Coding' inserted into dedicated table.
2025-07-05 14:59:29,086 - INFO - All categories retrieved from dedicated table.
2025-07-05 14:59:48,537 - INFO - Session inserted. ID: 4
2025-07-05 14:59:48,537 - INFO - Session started with category: Coding, ID: 4
2025-07-05 14:59:59,555 - INFO - Session updated. ID: 4
2025-07-05 15:00:00,911 - INFO - Session duration displayed: 0:00:11.033054
2025-07-05 15:00:00,912 - INFO - Session stopped
2025-07-05 15:00:01,843 - INFO - Sessions retrieved
2025-07-05 15:00:06,789 - INFO - All categories retrieved from dedicated table.
2025-07-05 15:00:06,797 - INFO - Sessions retrieved
2025-07-05 15:00:13,823 - INFO - Sessions retrieved
2025-07-05 15:00:17,680 - INFO - Sessions retrieved
2025-07-05 15:00:46,091 - INFO - Session inserted. ID: 5
2025-07-05 15:00:46,093 - INFO - Session started with category: Coding, ID: 5
2025-07-05 15:00:49,062 - INFO - Session updated. ID: 5
2025-07-05 15:00:51,419 - INFO - Session duration displayed: 0:00:02.980000
2025-07-05 15:00:51,419 - INFO - Session stopped
2025-07-05 15:04:35,576 - INFO - Session inserted. ID: 6
2025-07-05 15:04:35,578 - INFO - Session started with category: Coding, ID: 6
2025-07-05 15:05:44,709 - INFO - Session updated. ID: 6
2025-07-05 15:05:46,352 - INFO - Session duration displayed: 0:01:09.156113
2025-07-05 15:05:46,353 - INFO - Session stopped
2025-07-05 15:05:55,154 - INFO - Application exited from tray.
2025-07-05 15:06:13,861 - INFO - WorkTracker application initialized.
2025-07-05 15:06:13,948 - INFO - Database connected at C:\Users\ADEOLUWA\WorkTracker\deep_work.db
2025-07-05 15:06:13,952 - INFO - Sessions table checked/created.
2025-07-05 15:06:13,954 - INFO - Categories table checked/created.
2025-07-05 15:06:13,956 - INFO - Database initialized at C:\Users\ADEOLUWA\WorkTracker\deep_work.db
2025-07-05 15:06:14,149 - INFO - All categories retrieved from dedicated table.
2025-07-05 15:06:16,776 - INFO - All categories retrieved from dedicated table.
2025-07-05 15:06:16,793 - INFO - Filtered sessions retrieved. Query: SELECT id, start_time, end_time, category, notes FROM sessions WHERE 1=1 ORDER BY start_time DESC, Params: []
2025-07-05 15:06:28,884 - INFO - Filtered sessions retrieved. Query: SELECT id, start_time, end_time, category, notes FROM sessions WHERE 1=1 AND (notes LIKE ? OR category LIKE ?) ORDER BY start_time DESC, Params: ['%work tracker%', '%work tracker%']
2025-07-05 15:06:56,217 - INFO - Filtered sessions retrieved. Query: SELECT id, start_time, end_time, category, notes FROM sessions WHERE 1=1 AND start_time >= ? AND category = ? AND (notes LIKE ? OR category LIKE ?) ORDER BY start_time DESC, Params: ['2025-06-28 15:06:56.217091', 'Coding', '%work tracker%', '%work tracker%']
2025-07-05 15:09:31,604 - INFO - WorkTracker application initialized.
2025-07-05 15:09:31,707 - INFO - Database connected at C:\Users\ADEOLUWA\WorkTracker\deep_work.db
2025-07-05 15:09:31,708 - INFO - Sessions table checked/created.
2025-07-05 15:09:31,709 - INFO - Categories table checked/created.
2025-07-05 15:09:31,709 - INFO - Database initialized at C:\Users\ADEOLUWA\WorkTracker\deep_work.db
2025-07-05 15:09:31,914 - INFO - All categories retrieved from dedicated table.
2025-07-05 15:09:35,513 - INFO - All categories retrieved from dedicated table.
2025-07-05 15:09:35,522 - INFO - Filtered sessions retrieved. Query: SELECT id, start_time, end_time, category, notes FROM sessions WHERE 1=1 ORDER BY start_time DESC, Params: []
2025-07-05 15:09:41,393 - INFO - Session 6 retrieved.
2025-07-05 15:09:41,403 - INFO - All categories retrieved from dedicated table.
2025-07-05 15:10:55,806 - INFO - Full session updated. ID: 6
2025-07-05 15:10:57,989 - INFO - Filtered sessions retrieved. Query: SELECT id, start_time, end_time, category, notes FROM sessions WHERE 1=1 ORDER BY start_time DESC, Params: []
2025-07-05 15:16:35,188 - INFO - WorkTracker application initialized.
2025-07-05 15:16:35,292 - INFO - Database connected at C:\Users\ADEOLUWA\WorkTracker\deep_work.db
2025-07-05 15:16:35,294 - INFO - Sessions table checked/created.
2025-07-05 15:16:35,296 - INFO - Categories table checked/created.
2025-07-05 15:16:35,298 - INFO - Database initialized at C:\Users\ADEOLUWA\WorkTracker\deep_work.db
2025-07-05 15:16:35,603 - INFO - All categories retrieved from dedicated table.
2025-07-05 15:16:57,819 - INFO - Session inserted. ID: 7
2025-07-05 15:16:57,819 - INFO - Session started with category: Coding, ID: 7
2025-07-05 15:17:01,619 - INFO - All categories retrieved from dedicated table.
2025-07-05 15:17:01,637 - INFO - Filtered sessions retrieved. Query: SELECT id, start_time, end_time, category, notes FROM sessions WHERE 1=1 ORDER BY start_time DESC, Params: []
2025-07-05 15:17:27,231 - INFO - Filtered sessions retrieved. Query: SELECT id, start_time, end_time, category, notes FROM sessions WHERE 1=1 AND (notes LIKE ? OR category LIKE ?) ORDER BY start_time DESC, Params: ['%work tracker%', '%work tracker%']
2025-07-05 15:18:05,644 - INFO - All categories retrieved from dedicated table.
2025-07-05 15:18:05,652 - INFO - Sessions retrieved
2025-07-05 15:19:54,013 - INFO - Session updated. ID: 7
2025-07-05 15:19:55,614 - INFO - Session duration displayed: 0:02:56.194504
2025-07-05 15:19:55,616 - INFO - Session stopped
2025-07-05 15:21:16,636 - INFO - WorkTracker application initialized.
2025-07-05 15:21:16,768 - INFO - Database connected at C:\Users\ADEOLUWA\WorkTracker\deep_work.db
2025-07-05 15:21:16,773 - INFO - Sessions table checked/created.
2025-07-05 15:21:16,775 - INFO - Categories table checked/created.
2025-07-05 15:21:16,776 - INFO - Database initialized at C:\Users\ADEOLUWA\WorkTracker\deep_work.db
2025-07-05 15:21:17,011 - INFO - All categories retrieved from dedicated table.
2025-07-05 15:21:23,336 - INFO - All categories retrieved from dedicated table.
2025-07-05 15:21:23,351 - INFO - Sessions retrieved
2025-07-05 15:21:34,271 - INFO - Sessions retrieved
2025-07-05 15:21:36,072 - INFO - Sessions retrieved
2025-07-05 15:21:43,724 - INFO - All categories retrieved from dedicated table.
2025-07-05 15:21:43,735 - INFO - Filtered sessions retrieved. Query: SELECT id, start_time, end_time, category, notes FROM sessions WHERE 1=1 ORDER BY start_time DESC, Params: []
2025-07-05 15:21:54,121 - INFO - Application exited from tray.
2025-07-05 15:31:59,844 - INFO - Tray icon created successfully.
2025-07-05 15:31:59,844 - INFO - WorkTracker application initialized.
2025-07-05 15:31:59,917 - INFO - Database connected at C:\Users\ADEOLUWA\WorkTracker\deep_work.db
2025-07-05 15:31:59,924 - INFO - Sessions table checked/created.
2025-07-05 15:31:59,925 - INFO - Categories table checked/created.
2025-07-05 15:31:59,928 - INFO - Database initialized at C:\Users\ADEOLUWA\WorkTracker\deep_work.db
2025-07-05 15:32:00,250 - INFO - All categories retrieved from dedicated table.
2025-07-05 15:32:07,258 - INFO - Session inserted. ID: 8
2025-07-05 15:32:07,259 - INFO - Session started with category: Coding, ID: 8
2025-07-05 15:32:50,542 - INFO - Session updated. ID: 8
2025-07-05 15:32:53,109 - INFO - Session duration displayed: 0:00:43.289557
2025-07-05 15:32:53,109 - INFO - Session stopped
2025-07-05 15:36:10,371 - INFO - Tray icon created successfully.
2025-07-05 15:36:10,372 - INFO - WorkTracker application initialized.
2025-07-05 15:36:10,477 - INFO - Database connected at C:\Users\ADEOLUWA\WorkTracker\deep_work.db
2025-07-05 15:36:10,480 - INFO - Sessions table checked/created.
2025-07-05 15:36:10,485 - INFO - Categories table checked/created.
2025-07-05 15:36:10,487 - INFO - Database initialized at C:\Users\ADEOLUWA\WorkTracker\deep_work.db
2025-07-05 15:36:10,723 - INFO - All categories retrieved from dedicated table.
2025-07-05 15:36:15,659 - INFO - Buttons state updated: Start=DISABLED, Pause=NORMAL, Stop=NORMAL
2025-07-05 15:36:15,659 - INFO - Attempting to start session with category: Coding, task: 
2025-07-05 15:36:15,712 - INFO - Session inserted. ID: 9
2025-07-05 15:36:15,714 - INFO - Session started successfully with category: Coding, ID: 9
2025-07-05 15:36:20,132 - INFO - Session paused.
2025-07-05 15:36:30,277 - INFO - Session resumed.
2025-07-05 15:36:38,577 - INFO - Session updated. ID: 9
2025-07-05 15:36:40,542 - INFO - Session duration displayed: 0:00:12.754387
2025-07-05 15:36:40,543 - INFO - Session stopped
2025-07-05 15:36:41,262 - INFO - All categories retrieved from dedicated table.
2025-07-05 15:36:41,276 - INFO - Filtered sessions retrieved. Query: SELECT id, start_time, end_time, category, notes FROM sessions WHERE 1=1 ORDER BY start_time DESC, Params: []
2025-07-05 15:36:48,211 - INFO - Filtered sessions retrieved. Query: SELECT id, start_time, end_time, category, notes FROM sessions WHERE 1=1 ORDER BY start_time DESC, Params: []
2025-07-05 15:36:56,176 - INFO - Filtered sessions retrieved. Query: SELECT id, start_time, end_time, category, notes FROM sessions WHERE 1=1 AND (notes LIKE ? OR category LIKE ?) ORDER BY start_time DESC, Params: ['%work tracker%', '%work tracker%']
2025-07-05 15:37:03,909 - INFO - Filtered sessions retrieved. Query: SELECT id, start_time, end_time, category, notes FROM sessions WHERE 1=1 AND start_time >= ? AND category = ? AND (notes LIKE ? OR category LIKE ?) ORDER BY start_time DESC, Params: ['2025-01-01 00:00:00.000000', 'School', '%work tracker%', '%work tracker%']
2025-07-05 15:37:10,152 - INFO - Filtered sessions retrieved. Query: SELECT id, start_time, end_time, category, notes FROM sessions WHERE 1=1 AND start_time >= ? AND category = ? AND (notes LIKE ? OR category LIKE ?) ORDER BY start_time DESC, Params: ['2025-01-01 00:00:00.000000', 'School', '%work tracker%', '%work tracker%']
2025-07-05 15:37:15,792 - INFO - Filtered sessions retrieved. Query: SELECT id, start_time, end_time, category, notes FROM sessions WHERE 1=1 AND start_time >= ? AND category = ? AND (notes LIKE ? OR category LIKE ?) ORDER BY start_time DESC, Params: ['2025-01-01 00:00:00.000000', 'Coding', '%work tracker%', '%work tracker%']
2025-07-05 15:37:58,760 - INFO - Session 4 retrieved.
2025-07-05 15:37:58,775 - INFO - All categories retrieved from dedicated table.
2025-07-05 15:38:03,244 - INFO - Full session updated. ID: 4
2025-07-05 15:38:05,081 - INFO - Filtered sessions retrieved. Query: SELECT id, start_time, end_time, category, notes FROM sessions WHERE 1=1 AND start_time >= ? AND category = ? AND (notes LIKE ? OR category LIKE ?) ORDER BY start_time DESC, Params: ['2025-01-01 00:00:00.000000', 'Coding', '%work tracker%', '%work tracker%']
2025-07-05 15:44:51,676 - INFO - Tray icon created successfully.
2025-07-05 15:44:51,684 - INFO - WorkTracker application initialized.
2025-07-05 15:44:51,796 - INFO - Database connected at C:\Users\ADEOLUWA\WorkTracker\deep_work.db
2025-07-05 15:44:51,823 - INFO - Sessions table checked/created.
2025-07-05 15:44:51,826 - INFO - Categories table checked/created.
2025-07-05 15:44:51,831 - INFO - Database initialized at C:\Users\ADEOLUWA\WorkTracker\deep_work.db
2025-07-05 15:44:52,022 - INFO - All categories retrieved from dedicated table.
2025-07-05 15:45:23,509 - INFO - Buttons state updated: Start=DISABLED, Pause=NORMAL, Stop=NORMAL
2025-07-05 15:45:23,510 - INFO - Attempting to start session with category: Coding, task: working on work tracker again
2025-07-05 15:45:23,515 - INFO - Session inserted. ID: 10
2025-07-05 15:45:23,515 - INFO - Session started successfully with category: Coding, ID: 10
2025-07-05 15:45:52,474 - INFO - All categories retrieved from dedicated table.
2025-07-05 15:45:52,486 - INFO - Sessions retrieved
2025-07-05 15:45:58,122 - INFO - Sessions retrieved
2025-07-05 15:46:10,044 - INFO - Sessions retrieved
2025-07-05 15:46:17,545 - INFO - Sessions retrieved
2025-07-05 15:46:22,432 - INFO - Sessions retrieved
2025-07-05 15:46:28,564 - INFO - Sessions retrieved
2025-07-05 15:46:30,234 - INFO - Sessions retrieved
2025-07-05 15:46:35,033 - INFO - Session paused.
2025-07-05 15:46:36,147 - INFO - Session updated. ID: 10
2025-07-05 15:46:37,944 - INFO - Session duration displayed: 0:01:12.626162
2025-07-05 15:46:37,945 - INFO - Session stopped
2025-07-05 15:47:07,111 - INFO - Buttons state updated: Start=DISABLED, Pause=NORMAL, Stop=NORMAL
2025-07-05 15:47:07,114 - INFO - Attempting to start session with category: Coding, task: 
2025-07-05 15:47:07,125 - INFO - Session inserted. ID: 11
2025-07-05 15:47:07,126 - INFO - Session started successfully with category: Coding, ID: 11
2025-07-05 15:47:09,489 - INFO - Session paused.
2025-07-05 15:47:10,519 - INFO - Session resumed.
2025-07-05 15:47:12,329 - INFO - Session paused.
2025-07-05 15:47:13,091 - INFO - Session resumed.
2025-07-05 15:57:21,640 - INFO - Session paused.
2025-07-05 15:57:22,749 - INFO - Session resumed.
2025-07-05 15:57:23,843 - INFO - Session updated. ID: 11
2025-07-05 15:57:26,208 - INFO - Session duration displayed: 0:10:13.802596
2025-07-05 15:57:26,210 - INFO - Session stopped
2025-07-05 15:57:34,847 - INFO - Application exited from tray.
2025-07-05 15:58:48,780 - INFO - Tray icon created successfully.
2025-07-05 15:58:48,788 - INFO - WorkTracker application initialized.
2025-07-05 15:58:48,930 - INFO - Database connected at C:\Users\ADEOLUWA\WorkTracker\deep_work.db
2025-07-05 15:58:48,930 - INFO - Sessions table checked/created.
2025-07-05 15:58:48,930 - INFO - Categories table checked/created.
2025-07-05 15:58:48,949 - INFO - Settings table checked/created.
2025-07-05 15:58:48,949 - INFO - Database initialized at C:\Users\ADEOLUWA\WorkTracker\deep_work.db
2025-07-05 15:58:49,212 - INFO - All categories retrieved from dedicated table.
2025-07-05 15:58:49,243 - INFO - All categories retrieved from dedicated table.
2025-07-05 15:58:49,244 - INFO - No default category setting found or it's invalid.
2025-07-05 15:58:58,232 - INFO - Category selected: Coding
2025-07-05 15:59:28,678 - INFO - All categories retrieved from dedicated table.
2025-07-05 15:59:32,982 - INFO - Setting 'default_category' set to 'Coding'.
2025-07-05 15:59:34,933 - INFO - All categories retrieved from dedicated table.
2025-07-05 15:59:34,935 - INFO - Default category 'Coding' loaded and set.
2025-07-05 16:03:12,108 - INFO - Tray icon created successfully.
2025-07-05 16:03:12,108 - INFO - WorkTracker application initialized.
2025-07-05 16:03:12,249 - INFO - Database connected at C:\Users\ADEOLUWA\WorkTracker\deep_work.db
2025-07-05 16:03:12,249 - INFO - Sessions table checked/created.
2025-07-05 16:03:12,249 - INFO - Categories table checked/created.
2025-07-05 16:03:12,254 - INFO - Settings table checked/created.
2025-07-05 16:03:12,255 - INFO - Database initialized at C:\Users\ADEOLUWA\WorkTracker\deep_work.db
2025-07-05 16:03:12,459 - INFO - All categories retrieved from dedicated table.
2025-07-05 16:03:12,545 - INFO - All categories retrieved from dedicated table.
2025-07-05 16:03:12,545 - INFO - Default category 'Coding' loaded and set.
