2025-03-02 15:20:22,427 - INFO - Unique categories retrieved.
2025-03-02 15:20:22,439 - INFO - Category 'work' inserted
2025-03-02 15:20:22,441 - INFO - Default category 'work' added.
2025-03-02 15:20:22,446 - INFO - Category 'skill' inserted
2025-03-02 15:20:22,446 - INFO - Default category 'skill' added.
2025-03-02 15:20:22,453 - INFO - Category 'school' inserted
2025-03-02 15:20:22,455 - INFO - Default category 'school' added.
2025-03-02 15:20:22,464 - INFO - Unique categories retrieved.
2025-03-02 15:20:22,476 - INFO - WorkTracker application initialized.
2025-03-02 15:27:14,935 - INFO - Category 'Sourcing' inserted
2025-03-02 15:27:14,935 - INFO - Unique categories retrieved.
2025-03-02 15:27:50,814 - INFO - Category 'work' renamed to 'Non sourcing work'
2025-03-02 15:27:50,817 - INFO - Unique categories retrieved.
2025-03-02 15:28:23,207 - INFO - Category 'Coding' inserted
2025-03-02 15:28:23,207 - INFO - Unique categories retrieved.
2025-03-02 15:28:30,949 - INFO - Unique categories retrieved.
2025-03-02 15:28:43,952 - INFO - Category 'school' renamed to 'Final Year Project'
2025-03-02 15:28:43,952 - INFO - Unique categories retrieved.
2025-03-02 15:28:58,052 - INFO - Sessions retrieved
2025-03-02 16:34:56,227 - INFO - Unique categories retrieved.
2025-03-02 16:34:56,233 - INFO - Unique categories retrieved.
2025-03-02 16:34:56,256 - INFO - WorkTracker application initialized.
2025-03-02 19:28:38,644 - INFO - Unique categories retrieved.
2025-03-02 19:28:38,662 - INFO - Unique categories retrieved.
2025-03-02 19:28:38,751 - INFO - WorkTracker application initialized.
2025-03-03 09:07:44,332 - INFO - Unique categories retrieved.
2025-03-03 09:07:44,346 - INFO - Unique categories retrieved.
2025-03-03 09:07:44,365 - INFO - WorkTracker application initialized.
2025-03-03 09:07:55,267 - INFO - Session inserted. ID: 6
2025-03-03 09:07:55,267 - INFO - Session started with category: Sourcing
2025-03-03 10:48:06,798 - INFO - Unique categories retrieved.
2025-03-03 10:48:06,810 - INFO - Unique categories retrieved.
2025-03-03 10:48:06,867 - INFO - WorkTracker application initialized.
2025-03-03 10:48:15,194 - INFO - Sessions retrieved
2025-03-03 11:23:27,499 - INFO - Unique categories retrieved.
2025-03-03 11:23:27,516 - INFO - Unique categories retrieved.
2025-03-03 11:23:27,555 - INFO - WorkTracker application initialized.
2025-03-03 11:23:42,004 - INFO - Session inserted. ID: 7
2025-03-03 11:23:42,004 - INFO - Session started with category: Sourcing
2025-03-03 11:23:52,982 - ERROR - Error updating session: SQLite objects created in a thread can only be used in that same thread. The object was created in thread id 40340 and this is thread id 64348.
2025-03-03 11:24:03,668 - INFO - Session duration displayed: 0:00:10.984619
2025-03-03 11:24:03,668 - INFO - Session stopped
2025-03-03 11:25:19,880 - INFO - Unique categories retrieved.
2025-03-03 11:25:19,894 - INFO - Unique categories retrieved.
2025-03-03 11:25:19,927 - INFO - WorkTracker application initialized.
2025-03-03 11:27:01,924 - INFO - Session inserted. ID: 8
2025-03-03 11:27:01,925 - INFO - Session started with category: Sourcing
2025-03-03 11:27:19,714 - ERROR - Error updating session: SQLite objects created in a thread can only be used in that same thread. The object was created in thread id 50340 and this is thread id 45872.
2025-03-03 11:29:17,116 - INFO - Session duration displayed: 0:00:17.802374
2025-03-03 11:29:17,116 - INFO - Session stopped
2025-03-03 11:32:15,070 - INFO - Unique categories retrieved.
2025-03-03 11:32:15,083 - INFO - Unique categories retrieved.
2025-03-03 11:32:15,132 - INFO - WorkTracker application initialized.
2025-03-03 11:32:27,179 - INFO - Session inserted. ID: 9
2025-03-03 11:32:27,180 - INFO - Session started with category: Sourcing
2025-03-03 11:32:52,798 - INFO - Unique categories retrieved.
2025-03-03 11:32:52,807 - INFO - Unique categories retrieved.
2025-03-03 11:32:52,827 - INFO - WorkTracker application initialized.
2025-03-03 11:33:29,854 - INFO - Sessions retrieved
2025-03-03 11:33:35,924 - INFO - Session inserted. ID: 10
2025-03-03 11:33:35,924 - INFO - Session started with category: Sourcing
2025-03-03 12:03:15,124 - INFO - Session updated. ID: 10
2025-03-03 12:03:16,710 - INFO - Session duration displayed: 0:29:39.134337
2025-03-03 12:03:16,712 - INFO - Session stopped
2025-03-03 12:22:45,932 - INFO - Session inserted. ID: 11
2025-03-03 12:22:45,932 - INFO - Session started with category: Sourcing
2025-03-03 13:56:51,971 - INFO - Session updated. ID: 11
2025-03-03 13:56:53,641 - INFO - Session duration displayed: 1:34:06.036493
2025-03-03 13:56:53,642 - INFO - Session stopped
2025-03-03 13:56:59,295 - INFO - Sessions retrieved
2025-03-03 14:24:34,234 - INFO - Sessions retrieved
2025-03-03 14:26:45,292 - INFO - Unique categories retrieved.
2025-03-03 14:26:45,303 - INFO - Unique categories retrieved.
2025-03-03 14:26:45,336 - INFO - WorkTracker application initialized.
2025-03-03 14:27:21,609 - INFO - Session inserted. ID: 12
2025-03-03 14:27:21,609 - INFO - Session started with category: Sourcing
2025-03-03 15:49:29,047 - INFO - Session updated. ID: 12
2025-03-03 15:49:31,089 - INFO - Session duration displayed: 1:22:07.343798
2025-03-03 15:49:31,089 - INFO - Session stopped
2025-03-03 15:49:32,391 - INFO - Sessions retrieved
2025-03-03 16:38:54,970 - INFO - Session inserted. ID: 13
2025-03-03 16:38:54,971 - INFO - Session started with category: Non sourcing work
2025-03-03 17:16:28,933 - INFO - Session updated. ID: 13
2025-03-03 17:16:30,523 - INFO - Session duration displayed: 0:37:33.971140
2025-03-03 17:16:30,528 - INFO - Session stopped
2025-03-03 18:52:32,121 - INFO - Sessions retrieved
2025-03-04 09:31:14,244 - INFO - Unique categories retrieved.
2025-03-04 09:31:14,256 - INFO - Unique categories retrieved.
2025-03-04 09:31:14,312 - INFO - WorkTracker application initialized.
2025-03-04 09:31:37,966 - INFO - Sessions retrieved
2025-03-04 09:31:42,744 - INFO - Session inserted. ID: 14
2025-03-04 09:31:42,744 - INFO - Session started with category: Sourcing
2025-03-04 10:07:02,136 - INFO - Session updated. ID: 14
2025-03-04 10:07:03,801 - INFO - Session duration displayed: 0:35:19.349938
2025-03-04 10:07:03,803 - INFO - Session stopped
2025-03-06 16:06:03,786 - INFO - Unique categories retrieved.
2025-03-06 16:06:03,806 - INFO - Unique categories retrieved.
2025-03-06 16:06:03,888 - INFO - WorkTracker application initialized.
2025-03-06 16:06:12,441 - INFO - Session inserted. ID: 15
2025-03-06 16:06:12,441 - INFO - Session started with category: Final Year Project
2025-03-06 16:06:23,963 - INFO - Session updated. ID: 15
2025-03-06 16:06:25,536 - INFO - Session duration displayed: 0:00:11.520744
2025-03-06 16:06:25,548 - INFO - Session stopped
2025-03-06 16:06:26,254 - INFO - Sessions retrieved
2025-03-10 08:09:08,664 - INFO - Unique categories retrieved.
2025-03-10 08:09:08,680 - INFO - Unique categories retrieved.
2025-03-10 08:09:08,712 - INFO - WorkTracker application initialized.
2025-03-10 08:09:24,710 - INFO - Sessions retrieved
2025-03-10 08:09:33,968 - INFO - Sessions retrieved
2025-03-10 08:10:03,953 - INFO - Session inserted. ID: 16
2025-03-10 08:10:03,953 - INFO - Session started with category: Sourcing
2025-03-10 09:35:50,806 - INFO - Sessions retrieved
2025-03-10 10:37:55,679 - INFO - Session updated. ID: 16
2025-03-10 10:37:57,063 - INFO - Session duration displayed: 2:27:51.724933
2025-03-10 10:37:57,063 - INFO - Session stopped
2025-03-10 10:38:02,389 - INFO - Sessions retrieved
2025-03-10 12:20:08,639 - INFO - Unique categories retrieved.
2025-03-10 12:20:08,662 - INFO - Unique categories retrieved.
2025-03-10 12:20:08,674 - INFO - WorkTracker application initialized.
2025-03-10 12:20:24,786 - INFO - Session inserted. ID: 17
2025-03-10 12:20:24,786 - INFO - Session started with category: Sourcing
2025-03-10 13:41:31,820 - INFO - Session updated. ID: 17
2025-03-10 13:41:33,387 - INFO - Session duration displayed: 1:21:06.992733
2025-03-10 13:41:33,388 - INFO - Session stopped
2025-03-10 13:41:34,165 - INFO - Sessions retrieved
2025-03-11 11:51:59,335 - INFO - Unique categories retrieved.
2025-03-11 11:51:59,345 - INFO - Unique categories retrieved.
2025-03-11 11:51:59,377 - INFO - WorkTracker application initialized.
2025-03-11 11:52:08,910 - INFO - Session inserted. ID: 18
2025-03-11 11:52:08,910 - INFO - Session started with category: Sourcing
2025-03-11 13:16:11,461 - INFO - Session updated. ID: 18
2025-03-11 13:16:12,928 - INFO - Session duration displayed: 1:24:02.502568
2025-03-11 13:16:12,928 - INFO - Session stopped
2025-03-11 15:17:03,416 - INFO - Session inserted. ID: 19
2025-03-11 15:17:03,422 - INFO - Session started with category: Sourcing
2025-03-11 15:59:29,782 - INFO - Session updated. ID: 19
2025-03-11 15:59:31,640 - INFO - Session duration displayed: 0:42:26.374199
2025-03-11 15:59:31,640 - INFO - Session stopped
2025-03-11 17:51:35,145 - INFO - Unique categories retrieved.
2025-03-11 17:51:35,169 - INFO - Unique categories retrieved.
2025-03-11 17:51:35,192 - INFO - WorkTracker application initialized.
2025-03-11 17:51:45,610 - INFO - Session inserted. ID: 20
2025-03-11 17:51:45,610 - INFO - Session started with category: Sourcing
2025-03-11 17:51:57,801 - INFO - Sessions retrieved
2025-03-11 18:30:59,822 - INFO - Session updated. ID: 20
2025-03-11 18:31:01,255 - INFO - Session duration displayed: 0:39:14.185851
2025-03-11 18:31:01,256 - INFO - Session stopped
2025-03-11 20:20:10,771 - INFO - Session inserted. ID: 21
2025-03-11 20:20:10,771 - INFO - Session started with category: Sourcing
2025-03-11 21:42:35,139 - INFO - Session updated. ID: 21
2025-03-11 21:42:37,011 - INFO - Session duration displayed: 1:22:24.377150
2025-03-11 21:42:37,011 - INFO - Session stopped
2025-03-12 17:13:35,800 - INFO - Unique categories retrieved.
2025-03-12 17:13:35,813 - INFO - Unique categories retrieved.
2025-03-12 17:13:35,861 - INFO - WorkTracker application initialized.
2025-03-12 17:13:55,809 - INFO - Session inserted. ID: 22
2025-03-12 17:13:55,809 - INFO - Session started with category: Sourcing
2025-03-12 17:35:41,013 - INFO - Session updated. ID: 22
2025-03-12 17:35:42,916 - INFO - Session duration displayed: 0:21:45.188894
2025-03-12 17:35:42,916 - INFO - Session stopped
2025-03-14 03:24:21,940 - INFO - Unique categories retrieved.
2025-03-14 03:24:21,958 - INFO - Unique categories retrieved.
2025-03-14 03:24:21,992 - INFO - WorkTracker application initialized.
2025-03-14 03:24:49,365 - INFO - Session inserted. ID: 23
2025-03-14 03:24:49,365 - INFO - Session started with category: Sourcing
2025-03-14 05:37:31,921 - INFO - Session updated. ID: 23
2025-03-14 05:37:34,299 - INFO - Session duration displayed: 2:12:42.469295
2025-03-14 05:37:34,300 - INFO - Session stopped
2025-03-14 09:37:27,422 - INFO - Sessions retrieved
2025-03-14 15:20:19,081 - INFO - Unique categories retrieved.
2025-03-14 15:20:19,081 - INFO - Unique categories retrieved.
2025-03-14 15:20:19,099 - INFO - WorkTracker application initialized.
2025-03-14 15:39:11,819 - INFO - Session inserted. ID: 24
2025-03-14 15:39:11,819 - INFO - Session started with category: Sourcing
2025-03-14 17:17:46,395 - INFO - Session updated. ID: 24
2025-03-14 17:17:48,054 - INFO - Session duration displayed: 1:38:34.569833
2025-03-14 17:17:48,057 - INFO - Session stopped
2025-03-14 17:23:33,772 - INFO - Unique categories retrieved.
2025-03-14 17:23:33,786 - INFO - Unique categories retrieved.
2025-03-14 17:23:33,811 - INFO - WorkTracker application initialized.
2025-03-14 17:24:00,401 - INFO - Session inserted. ID: 25
2025-03-14 17:24:00,401 - INFO - Session started with category: Coding
2025-03-14 19:28:18,156 - INFO - Session updated. ID: 25
2025-03-14 19:28:19,758 - INFO - Session duration displayed: 2:04:17.692163
2025-03-14 19:28:19,765 - INFO - Session stopped
2025-03-15 10:36:32,104 - INFO - Session inserted. ID: 26
2025-03-15 10:36:32,113 - INFO - Session started with category: Sourcing
2025-03-15 10:48:38,101 - INFO - Session updated. ID: 26
2025-03-15 10:48:39,490 - INFO - Session duration displayed: 0:12:06.023600
2025-03-15 10:48:39,491 - INFO - Session stopped
2025-03-15 10:48:55,017 - INFO - Sessions retrieved
2025-03-15 10:49:08,968 - INFO - Session inserted. ID: 27
2025-03-15 10:49:08,969 - INFO - Session started with category: Coding
2025-03-15 11:22:39,920 - INFO - Session updated. ID: 27
2025-03-15 13:24:12,739 - INFO - Session duration displayed: 0:33:30.962352
2025-03-15 13:24:12,739 - INFO - Session stopped
2025-03-15 13:24:52,911 - INFO - Session inserted. ID: 28
2025-03-15 13:24:52,912 - INFO - Session started with category: Coding
2025-03-15 15:45:30,402 - INFO - Session updated. ID: 28
2025-03-15 15:45:31,829 - INFO - Session duration displayed: 2:20:37.482457
2025-03-15 15:45:31,829 - INFO - Session stopped
2025-03-15 17:20:27,380 - INFO - Sessions retrieved
2025-03-15 17:55:26,571 - INFO - Unique categories retrieved.
2025-03-15 17:56:09,329 - INFO - Session inserted. ID: 29
2025-03-15 17:56:09,329 - INFO - Session started with category: Coding
2025-03-15 17:58:19,263 - INFO - Session updated. ID: 29
2025-03-15 17:58:20,547 - INFO - Session duration displayed: 0:02:09.950881
2025-03-15 17:58:20,547 - INFO - Session stopped
2025-03-15 18:56:10,502 - INFO - Session inserted. ID: 30
2025-03-15 18:56:10,510 - INFO - Session started with category: Coding
2025-03-17 16:09:58,194 - INFO - Unique categories retrieved.
2025-03-17 16:09:58,212 - INFO - Unique categories retrieved.
2025-03-17 16:09:58,226 - INFO - WorkTracker application initialized.
2025-03-17 16:10:09,054 - INFO - Session inserted. ID: 31
2025-03-17 16:10:09,054 - INFO - Session started with category: Sourcing
2025-04-01 17:11:40,240 - INFO - Unique categories retrieved.
2025-04-01 17:11:40,256 - INFO - Unique categories retrieved.
2025-04-01 17:11:40,314 - INFO - WorkTracker application initialized.
2025-04-01 17:11:50,114 - INFO - Session inserted. ID: 32
2025-04-01 17:11:50,114 - INFO - Session started with category: Final Year Project
2025-04-01 17:11:54,921 - INFO - Session updated. ID: 32
2025-04-01 17:11:56,531 - INFO - Session duration displayed: 0:00:04.806038
2025-04-01 17:11:56,531 - INFO - Session stopped
2025-04-01 17:11:57,114 - INFO - Session inserted. ID: 33
2025-04-01 17:11:57,116 - INFO - Session started with category: Final Year Project
2025-04-01 17:12:04,031 - INFO - Sessions retrieved
2025-04-01 17:12:29,731 - INFO - Session updated. ID: 33
2025-04-01 17:12:31,028 - INFO - Session duration displayed: 0:00:32.618682
2025-04-01 17:12:31,029 - INFO - Session stopped
2025-04-01 17:13:32,112 - INFO - Session inserted. ID: 34
2025-04-01 17:13:32,112 - INFO - Session started with category: Final Year Project
2025-04-01 17:24:20,999 - INFO - Session updated. ID: 34
2025-04-01 17:24:22,512 - INFO - Session duration displayed: 0:10:48.854876
2025-04-01 17:24:22,512 - INFO - Session stopped
